20 5 0 0 0 0 0 0 0 0
20 5 0 0 0 0 0 0 0 0
21 5 0 0 0 0 0 0 0 0
21 5 1 0 0 0 0 0 0 0
21 5 1 0 0 0 0 0 0 0
21 5 1 0 0 0 0 0 0 0
22 5 1 0 0 0 0 0 0 0
22 5 2 0 0 0 0 0 0 0
22 5 2 0 0 0 0 0 0 0
22 5 2 0 0 0 0 0 0 0
23 5 2 0 0 0 0 0 0 0
23 5 3 0 0 0 0 0 0 0
23 5 3 0 0 0 0 0 0 0
23 5 3 0 0 0 0 0 0 0
24 5 3 0 0 0 0 0 0 0
24 5 4 0 0 0 0 0 0 0
24 5 4 0 0 0 0 0 0 0
24 5 4 0 0 0 0 0 0 0
25 5 4 0 0 0 0 0 0 0
25 5 5 0 0 0 0 0 0 0
25 5 5 0 0 0 0 0 0 0
25 5 5 0 0 0 0 0 0 0
25 5 0 0 0 0 0 0 0 0
